roadNet-CA                 N=128 fp16 0.971 tf32 1.020
roadNet-CA                 N=512 fp16 0.948 tf32 1.023
roadNet-PA                 N=128 fp16 0.971 tf32 1.019
roadNet-PA                 N=512 fp16 0.950 tf32 1.018
roadNet-TX                 N=128 fp16 0.971 tf32 1.019
roadNet-TX                 N=512 fp16 0.949 tf32 1.017
Amazon0601                 N=128 fp16 1.002 tf32 0.996
Amazon0601                 N=512 fp16 0.999 tf32 0.998
web-Google                 N=128 fp16 1.003 tf32 1.001
web-Google                 N=512 fp16 0.999 tf32 1.000
web-Stanford               N=128 fp16 1.006 tf32 1.006
web-Stanford               N=512 fp16 1.004 tf32 1.049
ogbn-arxiv                 N=128 fp16 1.007 tf32 1.003
ogbn-arxiv                 N=512 fp16 1.007 tf32 1.116
Yelp                       N=128 fp16 1.057 tf32 1.004
Yelp                       N=512 fp16 1.023 tf32 1.004
twitter-combined           N=128 fp16 1.075 tf32 0.985
twitter-combined           N=512 fp16 1.100 tf32 1.052
soc-Pokec                  N=128 fp16 1.017 tf32 1.001
ca-GrQc                    N=128 fp16 1.115 tf32 1.047
ca-GrQc                    N=512 fp16 1.062 tf32 0.925
ca-HepTh                   N=128 fp16 1.056 tf32 1.006
ca-HepTh                   N=512 fp16 1.003 tf32 0.995
ca-CondMat                 N=128 fp16 1.090 tf32 1.025
ca-CondMat                 N=512 fp16 1.065 tf32 1.000
amazon-computers           N=128 fp16 1.465 tf32 1.075
amazon-computers           N=512 fp16 1.138 tf32 1.036
amazon-photo               N=128 fp16 1.522 tf32 1.069
amazon-photo               N=512 fp16 1.055 tf32 1.029
gplus-combined             N=128 fp16 1.131 tf32 1.047
gplus-combined             N=512 fp16 1.117 tf32 0.999
Reddit                     N=128 fp16 1.081 tf32 1.003
ogbn-products              N=128 fp16 1.009 tf32 1.004
ogbn-proteins              N=128 fp16 1.075 tf32 0.990
com-DBLP                   N=128 fp16 1.005 tf32 1.000
com-DBLP                   N=512 fp16 1.006 tf32 0.999
com-Amazon                 N=128 fp16 1.017 tf32 1.003
com-Amazon                 N=512 fp16 1.002 tf32 1.002
com-youtube                N=128 fp16 1.133 tf32 1.021
com-youtube                N=512 fp16 1.049 tf32 1.010
Cora                       N=128 fp16 1.250 tf32 1.119
Cora                       N=512 fp16 1.094 tf32 1.011
CiteSeer                   N=128 fp16 1.015 tf32 1.019
CiteSeer                   N=512 fp16 1.016 tf32 1.009
PPI                        N=128 fp16 1.198 tf32 1.098
PPI                        N=512 fp16 1.098 tf32 1.002
Flickr                     N=128 fp16 1.234 tf32 1.026
Flickr                     N=512 fp16 1.084 tf32 1.014
synth_sparse_skewed_cv1p5  N=128 fp16 1.017 tf32 1.003
synth_sparse_skewed_cv1p5  N=512 fp16 1.026 tf32 1.002
synth_sparse_skewed_cv2p0  N=128 fp16 1.016 tf32 1.003
synth_sparse_skewed_cv2p0  N=512 fp16 1.026 tf32 1.003
synth_sparse_skewed_cv2p5  N=128 fp16 1.024 tf32 1.003
synth_sparse_skewed_cv2p5  N=512 fp16 1.030 tf32 1.003
synth_sparse_skewed_cv3p0  N=128 fp16 1.047 tf32 1.004
synth_sparse_skewed_cv3p0  N=512 fp16 1.034 tf32 1.003
synth_sparse_skewed_cv4p0  N=128 fp16 1.050 tf32 1.004
synth_community_nc10       N=128 fp16 1.005 tf32 0.994
synth_community_nc10       N=512 fp16 1.005 tf32 0.995
synth_community_nc50       N=128 fp16 1.013 tf32 0.968
synth_community_nc50       N=512 fp16 1.025 tf32 1.077
synth_community_nc100      N=128 fp16 1.017 tf32 0.968
synth_community_nc100      N=512 fp16 1.028 tf32 1.073
synth_community_nc500      N=128 fp16 1.017 tf32 0.968
synth_community_nc500      N=512 fp16 1.026 tf32 1.070
synth_community_nc1000     N=128 fp16 1.021 tf32 0.981
synth_community_nc1000     N=512 fp16 1.028 tf32 1.065
synth_mixed_v1             N=128 fp16 1.025 tf32 1.004
synth_mixed_v1             N=512 fp16 1.028 tf32 1.003
synth_mixed_v2             N=128 fp16 1.030 tf32 1.004
synth_mixed_v2             N=512 fp16 1.033 tf32 1.003
synth_mixed_v3             N=128 fp16 1.027 tf32 1.005
synth_mixed_v3             N=512 fp16 1.032 tf32 1.003
synth_mixed_v4             N=128 fp16 1.034 tf32 1.004
synth_mixed_v4             N=512 fp16 1.035 tf32 1.003
synth_mixed_v5             N=128 fp16 1.032 tf32 1.004
synth_mixed_v5             N=512 fp16 1.034 tf32 1.003
synth_dense_small_d30      N=128 fp16 1.090 tf32 0.838
synth_dense_small_d30      N=512 fp16 1.006 tf32 1.008
synth_dense_small_d50      N=128 fp16 1.105 tf32 0.984
synth_dense_small_d50      N=512 fp16 1.043 tf32 1.032
synth_dense_small_d70      N=128 fp16 0.988 tf32 0.985
synth_dense_small_d70      N=512 fp16 1.061 tf32 1.041
synth_dense_small_d90      N=128 fp16 0.929 tf32 0.986
synth_dense_small_d90      N=512 fp16 1.070 tf32 1.048
synth_dense_small_d120     N=128 fp16 0.954 tf32 0.997
synth_dense_small_d120     N=512 fp16 1.085 tf32 1.042
synth_sparse_uniform_d3    N=128 fp16 1.008 tf32 0.996
synth_sparse_uniform_d3    N=512 fp16 1.009 tf32 0.996
synth_sparse_uniform_d5    N=128 fp16 1.002 tf32 1.001
synth_sparse_uniform_d5    N=512 fp16 0.997 tf32 1.001
synth_sparse_uniform_d8    N=128 fp16 1.006 tf32 1.001
synth_sparse_uniform_d8    N=512 fp16 0.983 tf32 1.002
synth_sparse_uniform_d12   N=128 fp16 1.003 tf32 1.003
synth_sparse_uniform_d12   N=512 fp16 0.983 tf32 1.003
synth_sparse_uniform_d18   N=128 fp16 1.009 tf32 1.004
synth_sparse_uniform_d18   N=512 fp16 1.017 tf32 1.002

staged/unstaged warm geomeans (>1 = staged faster):
  Community            n= 16 fp16 1.0243 tf32 1.0115
  Dense Large-Scale    n=  5 fp16 1.0814 tf32 1.0084
  Dense Small          n= 20 fp16 1.0870 tf32 1.0070
  Mixed/Irregular      n= 18 fp16 1.0698 tf32 1.0181
  Sparse Skewed        n= 12 fp16 1.0381 tf32 1.0054
  Sparse Uniform       n= 26 fp16 0.9952 tf32 1.0115
  ALL                  n= 97 fp16 1.0419 tf32 1.0109
